Arguments: 
  C:\Program Files\nodejs\node.exe C:\Users\acer\AppData\Roaming\npm\node_modules\yarn\bin\yarn.js add @react-navigation/native-stack

PATH: 
  C:\Users\acer\bin;C:\Program Files\Git\mingw64\bin;C:\Program Files\Git\usr\local\bin;C:\Program Files\Git\usr\bin;C:\Program Files\Git\usr\bin;C:\Program Files\Git\mingw64\bin;C:\Program Files\Git\usr\bin;C:\Users\acer\bin;C:\Program Files\Common Files\Oracle\Java\javapath;C:\Users\acer\.expo\android-apk-cache;C:\Program Files (x86)\Common Files\Oracle\Java\javapath;C:\WINDOWS\system32;C:\WINDOWS;C:\WINDOWS\System32\Wbem;C:\WINDOWS\System32\WindowsPowerShell\v1.0;C:\WINDOWS\System32\OpenSSH;C:\Program Files\Git\cmd;C:\Users\{SYSTEM}\AppData\Local\Yarn\bin;C:\Program Files\nodejs;C:\ProgramData\chocolatey\bin;C:\Program Files\OpenJDK\openjdk-11.0.13_8\bin;C:\Program Files\Microsoft SQL Server\Client SDK\ODBC\170\Tools\Binn;C:\Program Files (x86)\Microsoft SQL Server\150\Tools\Binn;C:\Program Files\Microsoft SQL Server\150\Tools\Binn;C:\Program Files\Microsoft SQL Server\150\DTS\Binn;C:\Program Files (x86)\Microsoft SQL Server\150\DTS\Binn;C:\Program Files\Azure Data Studio\bin;C:\Program Files\dotnet;C:\Program Files (x86)\Windows Kits\10\Windows Performance Toolkit;C:\Program Files\Git\cmd;C:\Users\acer\.expo\android-apk-cache;C:\Program Files (x86)\Common Files\Oracle\Java\javapath;C:\WINDOWS\system32;C:\WINDOWS;C:\WINDOWS\System32\Wbem;C:\WINDOWS\System32\WindowsPowerShell\v1.0;C:\WINDOWS\System32\OpenSSH;C:\Program Files\Git\cmd;C:\Users\{SYSTEM}\AppData\Local\Yarn\bin;C:\Program Files\nodejs;C:\Users\acer\AppData\Local\Programs\Python\Python38\Scripts;C:\Users\acer\AppData\Local\Programs\Python\Python38;C:\Users\acer\AppData\Local\Microsoft\WindowsApps;C:\Users\acer\AppData\Local\Programs\Microsoft VS Code\bin;C:\MinGW\bin;F:\FFmpeg\bin;C:\Users\acer\AppData\Roaming\npm;C:\Users\acer\AppData\Local\Android\Sdk\platform-tools;C:\Users\acer\.npm-global\bin;C:\Program Files\Azure Data Studio\bin;C:\Program Files\heroku\bin;C:\Users\acer\.dotnet\tools;C:\Program Files\Git\usr\bin\vendor_perl;C:\Program Files\Git\usr\bin\core_perl

Yarn version: 
  1.22.10

Node version: 
  16.13.2

Platform: 
  win32 x64

Trace: 
  Error: getaddrinfo ENOTFOUND registry.yarnpkg.com
      at GetAddrInfoReqWrap.onlookup [as oncomplete] (node:dns:71:26)

npm manifest: 
  {
    "name": "app2",
    "version": "1.0.0",
    "main": "node_modules/expo/AppEntry.js",
    "scripts": {
      "start": "expo start",
      "android": "expo start --android",
      "ios": "expo start --ios",
      "web": "expo start --web"
    },
    "dependencies": {
      "expo": "~47.0.8",
      "expo-status-bar": "~1.4.2",
      "react": "18.1.0",
      "react-native": "0.70.5",
      "react-native-screens": "~3.18.0",
      "react-native-safe-area-context": "4.4.1"
    },
    "devDependencies": {
      "@babel/core": "^7.12.9"
    },
    "private": true
  }

yarn manifest: 
  No manifest

Lockfile: 
  No lockfile
